  Window.cpp
  AABB.cpp
  Circle.cpp
  Line.cpp
  Point.cpp
  PointCloud.cpp
  PolygonGeo.cpp
  RayLine.cpp
  SegmentLine.cpp
  Triangle.cpp
  Vect2d.cpp
  Vertex.cpp
  stdafx.cpp
  Camera.cpp
  CameraGuiAdapter.cpp
  CameraProjection.cpp
  DrawLine.cpp
  DrawMesh.cpp
  DrawPoint.cpp
  DrawPointCloud.cpp
  DrawPolygon.cpp
  DrawRay.cpp
  DrawSegment.cpp
  DrawTriangle.cpp
  FBO.cpp
  FBOScreenshot.cpp
  GUI.cpp
  GuiUtilities.cpp
  Image.cpp
  InputManager.cpp
  Model3D.cpp
  Renderer.cpp
  RenderingShader.cpp
  SceneContent.cpp
  ShaderProgram.cpp
  ShaderProgramDB.cpp
  Texture.cpp
D:\Github\AG2223\vs\Source\Rendering\ShaderProgram.cpp(96,75): warning C4267: 'argumento': conversión de 'size_t' a 'GLsizei'; posible pérdida de datos
D:\Github\AG2223\vs\Source\Geometry\RandomUtilities.h(125,48): warning C4244: 'argumento': conversión de 'int' a 'float'; posible pérdida de datos (compilando archivo de origen Rendering\Renderer.cpp)
D:\Github\AG2223\vs\Source\Geometry\RandomUtilities.h(125,43): warning C4244: 'argumento': conversión de 'int' a 'float'; posible pérdida de datos (compilando archivo de origen Rendering\Renderer.cpp)
  TextureList.cpp
  VAO.cpp
  main.cpp
D:\Github\AG2223\vs\Source\Rendering\TextureList.cpp(49,36): warning C4101: 'error': variable local sin referencia
     Creando biblioteca D:\Github\AG2223\vs\x64\Debug\AG2223.lib y objeto D:\Github\AG2223\vs\x64\Debug\AG2223.exp
  AG2223.vcxproj -> D:\Github\AG2223\vs\x64\Debug\AG2223.exe
